<?xml version="1.0" encoding="UTF-8"?>
<!-- Generated by org.testng.reporters.JUnitXMLReporter -->
<testsuite hostname="hernan-1980" ignored="0" name="Surefire test" tests="2" failures="1" timestamp="2022-05-29T19:06:23 ART" time="87.689" errors="0">
  <testcase name="LoginSuccess" time="40.627" classname="tests.MiAguilaTest"/>
  <testcase name="SignUpSuccess" time="41.555" classname="tests.MiAguilaTest">
    <failure type="org.openqa.selenium.JavascriptException" message="javascript error: Unable to find owning document
  (Session info: chrome=102.0.5005.61)
Build info: version: &amp;apos;4.1.4&amp;apos;, revision: &amp;apos;535d840ee2&amp;apos;
System info: host: &amp;apos;hernan-1980&amp;apos;, ip: &amp;apos;127.0.1.1&amp;apos;, os.name: &amp;apos;Linux&amp;apos;, os.arch: &amp;apos;amd64&amp;apos;, os.version: &amp;apos;5.4.0-99-generic&amp;apos;, java.version: &amp;apos;1.8.0_312&amp;apos;
Driver info: org.openqa.selenium.chrome.ChromeDriver
Command: [0531698fea207b8748c0971222838c20, submitElement {id=9b56df4e-69bc-45b1-b408-7ff4b5385793}]
Capabilities {acceptInsecureCerts: false, browserName: chrome, browserVersion: 102.0.5005.61, chrome: {chromedriverVersion: 102.0.5005.61 (0e59bcc00cc4..., userDataDir: /tmp/.com.google.Chrome.0awdmc}, goog:chromeOptions: {debuggerAddress: localhost:45037}, javascriptEnabled: true, networkConnectionEnabled: false, pageLoadStrategy: normal, platform: LINUX, platformName: LINUX, proxy: Proxy(), se:cdp: ws://localhost:45037/devtoo..., se:cdpVersion: 102.0.5005.61, setWindowRect: true, strictFileInteractability: false, timeouts: {implicit: 0, pageLoad: 300000, script: 30000}, unhandledPromptBehavior: dismiss and notify, webauthn:extension:credBlob: true, webauthn:extension:largeBlob: true, webauthn:virtualAuthenticators: true}
Element: [[ChromeDriver: chrome on LINUX (0531698fea207b8748c0971222838c20)] -&amp;gt; xpath: //button[@aria-label=&amp;apos;Guardar&amp;apos;]/span[contains(.,&amp;apos;Guardar&amp;apos;)]]
Session ID: 0531698fea207b8748c0971222838c20">
      <![CDATA[org.openqa.selenium.JavascriptException: javascript error: Unable to find owning document
  (Session info: chrome=102.0.5005.61)
Build info: version: '4.1.4', revision: '535d840ee2'
System info: host: 'hernan-1980', ip: '127.0.1.1', os.name: 'Linux', os.arch: 'amd64', os.version: '5.4.0-99-generic', java.version: '1.8.0_312'
Driver info: org.openqa.selenium.chrome.ChromeDriver
Command: [0531698fea207b8748c0971222838c20, submitElement {id=9b56df4e-69bc-45b1-b408-7ff4b5385793}]
Capabilities {acceptInsecureCerts: false, browserName: chrome, browserVersion: 102.0.5005.61, chrome: {chromedriverVersion: 102.0.5005.61 (0e59bcc00cc4..., userDataDir: /tmp/.com.google.Chrome.0awdmc}, goog:chromeOptions: {debuggerAddress: localhost:45037}, javascriptEnabled: true, networkConnectionEnabled: false, pageLoadStrategy: normal, platform: LINUX, platformName: LINUX, proxy: Proxy(), se:cdp: ws://localhost:45037/devtoo..., se:cdpVersion: 102.0.5005.61, setWindowRect: true, strictFileInteractability: false, timeouts: {implicit: 0, pageLoad: 300000, script: 30000}, unhandledPromptBehavior: dismiss and notify, webauthn:extension:credBlob: true, webauthn:extension:largeBlob: true, webauthn:virtualAuthenticators: true}
Element: [[ChromeDriver: chrome on LINUX (0531698fea207b8748c0971222838c20)] -> xpath: //button[@aria-label='Guardar']/span[contains(.,'Guardar')]]
Session ID: 0531698fea207b8748c0971222838c20
at org.openqa.selenium.remote.codec.w3c.W3CHttpResponseCodec.createException(W3CHttpResponseCodec.java:200)
at org.openqa.selenium.remote.codec.w3c.W3CHttpResponseCodec.decode(W3CHttpResponseCodec.java:133)
at org.openqa.selenium.remote.codec.w3c.W3CHttpResponseCodec.decode(W3CHttpResponseCodec.java:53)
at org.openqa.selenium.remote.HttpCommandExecutor.execute(HttpCommandExecutor.java:184)
at org.openqa.selenium.remote.service.DriverCommandExecutor.invokeExecute(DriverCommandExecutor.java:167)
at org.openqa.selenium.remote.service.DriverCommandExecutor.execute(DriverCommandExecutor.java:142)
at org.openqa.selenium.remote.RemoteWebDriver.execute(RemoteWebDriver.java:567)
at org.openqa.selenium.remote.RemoteWebElement.execute(RemoteWebElement.java:251)
at org.openqa.selenium.remote.RemoteWebElement.submit(RemoteWebElement.java:82)
at pages.AddressMapPage.guardarClickJS(AddressMapPage.java:16)
at tests.MiAguilaTest.SignUpSuccess(MiAguilaTest.java:38)
at java.util.ArrayList.forEach(ArrayList.java:1259)
... Removed 36 stack frames]]>
    </failure>
  </testcase> <!-- SignUpSuccess -->
</testsuite> <!-- Surefire test -->
